<?xml version="1.0" encoding="UTF-8"?>
<!-- Generated by org.testng.reporters.JUnitXMLReporter -->
<testsuite ignored="0" hostname="DESKTOP-5OBCTT3" failures="3" tests="3" name="Test" time="37.022" errors="0" timestamp="2022-12-20T19:34:08 IST">
  <testcase classname="ContactsDemoblaze" name="contactDemoblazeTest" time="1.437">
    <failure type="java.lang.AssertionError" message="null">
      <![CDATA[java.lang.AssertionError: null
at ContactsDemoblaze.contactDemoblazeTest(ContactsDemoblaze.java:34)
at java.base/java.util.ArrayList.forEach(ArrayList.java:1541)
... Removed 29 stack frames]]>
    </failure>
  </testcase> <!-- contactDemoblazeTest -->
  <testcase classname="ContactsDemoblaze" name="contactDemoblazeTest" time="1.424">
    <failure type="java.lang.AssertionError" message="null">
      <![CDATA[java.lang.AssertionError: null
at ContactsDemoblaze.contactDemoblazeTest(ContactsDemoblaze.java:34)
at java.base/java.util.ArrayList.forEach(ArrayList.java:1541)
... Removed 29 stack frames]]>
    </failure>
  </testcase> <!-- contactDemoblazeTest -->
  <testcase classname="AddToCart" name="addCart" time="3.854">
    <failure type="java.lang.AssertionError" message="null">
      <![CDATA[java.lang.AssertionError: null
at AddToCart.addCart(AddToCart.java:32)
at java.base/java.util.ArrayList.forEach(ArrayList.java:1541)
... Removed 29 stack frames]]>
    </failure>
  </testcase> <!-- addCart -->
</testsuite> <!-- Test -->
